0 info it worked if it ends with ok
1 verbose cli [ '/usr/bin/node', '/usr/bin/npm', 'install', 'phonegap', '-g' ]
2 info using npm@1.4.29
3 info using node@v0.10.41
4 verbose node symlink /usr/bin/node
5 warn deprecated This version of npm lacks support for important features,
6 warn deprecated such as scoped packages, offered by the primary npm
7 warn deprecated registry. Consider upgrading to at least npm@2, if not the
8 warn deprecated latest stable version. To upgrade to npm@2, run:
9 warn deprecated npm -g install npm@latest-2
10 warn deprecated To upgrade to the latest stable version, run:
11 warn deprecated npm -g install npm@latest
12 warn deprecated (Depending on how Node.js was installed on your system, you
13 warn deprecated may need to prefix the preceding commands with `sudo`, or if
14 warn deprecated on Windows, run them from an Administrator prompt.)
15 warn deprecated If you're running the version of npm bundled with
16 warn deprecated Node.js 0.10 LTS, be aware that the next version of 0.10 LTS
17 warn deprecated will be bundled with a version of npm@2, which has some small
18 warn deprecated backwards-incompatible changes made to `npm run-script` and
19 warn deprecated semver behavior.
20 verbose cache add [ 'phonegap', null ]
21 verbose cache add name=undefined spec="phonegap" args=["phonegap",null]
22 verbose parsed url { protocol: null,
22 verbose parsed url   slashes: null,
22 verbose parsed url   auth: null,
22 verbose parsed url   host: null,
22 verbose parsed url   port: null,
22 verbose parsed url   hostname: null,
22 verbose parsed url   hash: null,
22 verbose parsed url   search: null,
22 verbose parsed url   query: null,
22 verbose parsed url   pathname: 'phonegap',
22 verbose parsed url   path: 'phonegap',
22 verbose parsed url   href: 'phonegap' }
23 silly lockFile 10db903f-phonegap phonegap
24 verbose lock phonegap /home/jozharanda/.npm/10db903f-phonegap.lock
25 silly lockFile 10db903f-phonegap phonegap
26 silly lockFile 10db903f-phonegap phonegap
27 verbose addNamed [ 'phonegap', '' ]
28 verbose addNamed [ null, '*' ]
29 silly lockFile 3a6257f3-phonegap phonegap@
30 verbose lock phonegap@ /home/jozharanda/.npm/3a6257f3-phonegap.lock
31 silly addNameRange { name: 'phonegap', range: '*', hasData: false }
32 verbose request where is /phonegap
33 verbose request registry https://registry.npmjs.org/
34 verbose request id ee4be02e1d527931
35 verbose url raw /phonegap
36 verbose url resolving [ 'https://registry.npmjs.org/', './phonegap' ]
37 verbose url resolved https://registry.npmjs.org/phonegap
38 verbose request where is https://registry.npmjs.org/phonegap
39 info trying registry request attempt 1 at 11:49:27
40 http GET https://registry.npmjs.org/phonegap
41 http 200 https://registry.npmjs.org/phonegap
42 silly registry.get cb [ 200,
42 silly registry.get   { server: 'CouchDB/1.5.0 (Erlang OTP/R16B03)',
42 silly registry.get     etag: '"7GZSKMZMZQD8HBNZCR64UCXW4"',
42 silly registry.get     'content-type': 'application/json',
42 silly registry.get     'cache-control': 'max-age=300',
42 silly registry.get     'content-length': '277909',
42 silly registry.get     'accept-ranges': 'bytes',
42 silly registry.get     date: 'Fri, 19 Feb 2016 19:49:27 GMT',
42 silly registry.get     via: '1.1 varnish',
42 silly registry.get     age: '0',
42 silly registry.get     connection: 'keep-alive',
42 silly registry.get     'x-served-by': 'cache-lax1426-LAX',
42 silly registry.get     'x-cache': 'MISS',
42 silly registry.get     'x-cache-hits': '0',
42 silly registry.get     'x-timer': 'S1455911367.560011,VS0,VE378',
42 silly registry.get     vary: 'Accept' } ]
43 silly addNameRange number 2 { name: 'phonegap', range: '*', hasData: true }
44 silly addNameRange versions [ 'phonegap',
44 silly addNameRange   [ '0.2.0',
44 silly addNameRange     '0.2.1',
44 silly addNameRange     '0.2.2',
44 silly addNameRange     '0.3.0',
44 silly addNameRange     '0.4.0',
44 silly addNameRange     '0.4.1',
44 silly addNameRange     '0.5.0',
44 silly addNameRange     '0.6.0',
44 silly addNameRange     '0.6.1',
44 silly addNameRange     '0.7.0',
44 silly addNameRange     '0.7.1',
44 silly addNameRange     '0.7.2',
44 silly addNameRange     '0.7.3',
44 silly addNameRange     '0.7.4',
44 silly addNameRange     '0.7.5',
44 silly addNameRange     '0.7.6',
44 silly addNameRange     '0.7.7',
44 silly addNameRange     '0.7.8',
44 silly addNameRange     '0.8.0',
44 silly addNameRange     '0.8.1',
44 silly addNameRange     '0.9.0',
44 silly addNameRange     '0.9.1',
44 silly addNameRange     '0.9.2',
44 silly addNameRange     '0.9.3',
44 silly addNameRange     '0.9.4',
44 silly addNameRange     '2.8.0-0.10.0',
44 silly addNameRange     '2.8.0-0.10.1',
44 silly addNameRange     '2.8.0-0.10.2',
44 silly addNameRange     '2.8.0-0.10.3',
44 silly addNameRange     '2.8.0-0.10.4',
44 silly addNameRange     '2.8.0-0.10.6',
44 silly addNameRange     '2.8.1-0.11.0',
44 silly addNameRange     '2.9.0-0.12.2',
44 silly addNameRange     '2.9.0-0.12.3',
44 silly addNameRange     '2.9.0-0.12.4',
44 silly addNameRange     '2.9.0-0.12.5',
44 silly addNameRange     '2.9.0-0.12.6',
44 silly addNameRange     '2.9.0-0.12.7',
44 silly addNameRange     '2.9.0-0.12.8',
44 silly addNameRange     '2.9.0-rc1-0.12.0',
44 silly addNameRange     '2.9.0-rc1-0.12.1',
44 silly addNameRange     '2.9.0-rc1-0.12.2',
44 silly addNameRange     '2.9.0-0.12.9',
44 silly addNameRange     '2.9.0-0.12.10',
44 silly addNameRange     '2.9.0-0.12.11',
44 silly addNameRange     '2.9.0-0.13.0',
44 silly addNameRange     '2.9.0-0.13.1',
44 silly addNameRange     '2.9.0-0.13.2',
44 silly addNameRange     '3.0.0-rc1-0.13.2',
44 silly addNameRange     '3.0.0-rc1-0.13.3',
44 silly addNameRange     '3.0.0-0.14.0',
44 silly addNameRange     '3.0.0-0.14.1',
44 silly addNameRange     '3.0.0-0.14.2',
44 silly addNameRange     '3.0.0-0.14.3',
44 silly addNameRange     '3.0.0-0.14.4',
44 silly addNameRange     '3.1.0-0.15.0',
44 silly addNameRange     '3.2.0-0.15.0',
44 silly addNameRange     '3.2.0-0.16.0',
44 silly addNameRange     '3.2.0-0.17.0',
44 silly addNameRange     '3.2.0-0.17.1',
44 silly addNameRange     '3.3.0-0.17.1',
44 silly addNameRange     '3.3.0-0.18.0',
44 silly addNameRange     '3.3.0-0.18.1',
44 silly addNameRange     '3.3.0-0.19.0',
44 silly addNameRange     '3.3.0-0.19.1',
44 silly addNameRange     '3.3.0-0.19.2',
44 silly addNameRange     '3.3.0-0.19.3',
44 silly addNameRange     '3.3.0-0.19.4',
44 silly addNameRange     '3.3.0-0.19.5',
44 silly addNameRange     '3.3.0-0.19.6',
44 silly addNameRange     '3.4.0-0.19.7',
44 silly addNameRange     '3.4.0-0.19.8',
44 silly addNameRange     '3.4.0-0.19.9',
44 silly addNameRange     '3.4.0-0.19.10',
44 silly addNameRange     '3.4.0-0.19.11',
44 silly addNameRange     '3.4.0-0.19.12',
44 silly addNameRange     '3.4.0-0.19.13',
44 silly addNameRange     '3.4.0-0.19.14',
44 silly addNameRange     '3.4.0-0.19.15',
44 silly addNameRange     '3.4.0-0.19.16',
44 silly addNameRange     '3.4.0-0.19.17',
44 silly addNameRange     '3.4.0-0.19.18',
44 silly addNameRange     '3.4.0-0.19.19',
44 silly addNameRange     '3.4.0-0.19.20',
44 silly addNameRange     '3.4.0-0.19.21',
44 silly addNameRange     '3.4.0-0.20.0',
44 silly addNameRange     '3.5.0-0.19.23',
44 silly addNameRange     '3.5.0-0.20.0',
44 silly addNameRange     '3.5.0-0.20.1',
44 silly addNameRange     '3.5.0-0.20.3',
44 silly addNameRange     '3.5.0-0.20.4',
44 silly addNameRange     '3.5.0-0.20.5',
44 silly addNameRange     '3.5.0-0.20.6',
44 silly addNameRange     '3.5.0-0.20.7',
44 silly addNameRange     '3.5.0-0.20.9',
44 silly addNameRange     '3.5.0-0.20.10',
44 silly addNameRange     '3.5.0-0.20.14',
44 silly addNameRange     '3.5.0-0.21.14',
44 silly addNameRange     '3.5.0-0.21.15',
44 silly addNameRange     '3.5.0-0.21.16',
44 silly addNameRange     '3.5.0-0.21.17',
44 silly addNameRange     '3.5.0-0.21.18',
44 silly addNameRange     '3.6.0-0.21.18',
44 silly addNameRange     '3.6.0-0.21.19',
44 silly addNameRange     '3.6.3-0.22.0',
44 silly addNameRange     '3.6.3-0.22.1',
44 silly addNameRange     '3.6.3-0.22.2',
44 silly addNameRange     '3.6.3-0.22.3',
44 silly addNameRange     '3.6.3-0.22.4',
44 silly addNameRange     '3.6.3-0.22.5',
44 silly addNameRange     '3.6.3-0.22.6',
44 silly addNameRange     '3.6.3-0.22.7',
44 silly addNameRange     '4.0.0-0.22.7',
44 silly addNameRange     '4.1.2-0.22.7',
44 silly addNameRange     '4.1.2-0.22.8',
44 silly addNameRange     '4.1.2-0.22.9',
44 silly addNameRange     '4.1.2-0.22.10',
44 silly addNameRange     '4.1.2-0.22.11',
44 silly addNameRange     '4.1.2-0.22.12',
44 silly addNameRange     '4.2.0-0.23.0',
44 silly addNameRange     '4.2.0-0.24.0',
44 silly addNameRange     '4.2.0-0.24.1',
44 silly addNameRange     '4.2.0-0.24.2',
44 silly addNameRange     '4.2.0-0.25.0',
44 silly addNameRange     '4.2.0-0.26.0',
44 silly addNameRange     '5.0.0-0.27.0',
44 silly addNameRange     '5.0.0-0.27.1',
44 silly addNameRange     '5.0.0-0.28.0',
44 silly addNameRange     '5.0.0-0.28.1',
44 silly addNameRange     '5.1.1-0.29.0',
44 silly addNameRange     '5.1.1',
44 silly addNameRange     '5.2.0',
44 silly addNameRange     '5.2.1',
44 silly addNameRange     '5.2.2',
44 silly addNameRange     '5.2.3',
44 silly addNameRange     '5.3.1',
44 silly addNameRange     '5.3.2',
44 silly addNameRange     '5.3.3',
44 silly addNameRange     '5.3.4',
44 silly addNameRange     '5.3.5',
44 silly addNameRange     '5.3.6',
44 silly addNameRange     '5.3.7',
44 silly addNameRange     '5.3.8',
44 silly addNameRange     '5.3.9',
44 silly addNameRange     '5.3.10',
44 silly addNameRange     '5.4.0',
44 silly addNameRange     '5.4.1',
44 silly addNameRange     '5.5.0',
44 silly addNameRange     '5.5.1',
44 silly addNameRange     '5.5.2',
44 silly addNameRange     '6.0.0' ] ]
45 verbose addNamed [ 'phonegap', '6.0.0' ]
46 verbose addNamed [ '6.0.0', '6.0.0' ]
47 silly lockFile b93d7cb4-phonegap-6-0-0 phonegap@6.0.0
48 verbose lock phonegap@6.0.0 /home/jozharanda/.npm/b93d7cb4-phonegap-6-0-0.lock
49 silly lockFile 85844c17--org-phonegap-phonegap-6-0-0-tgz https://registry.npmjs.org/phonegap/-/phonegap-6.0.0.tgz
50 verbose lock https://registry.npmjs.org/phonegap/-/phonegap-6.0.0.tgz /home/jozharanda/.npm/85844c17--org-phonegap-phonegap-6-0-0-tgz.lock
51 verbose addRemoteTarball [ 'https://registry.npmjs.org/phonegap/-/phonegap-6.0.0.tgz',
51 verbose addRemoteTarball   '21d2a2d9ddf3a9eb01acd8d97e80ae70ba20fef4' ]
52 info retry fetch attempt 1 at 11:49:29
53 verbose fetch to= /tmp/npm-6276-89nVu7g3/registry.npmjs.org/phonegap/-/phonegap-6.0.0.tgz
54 http GET https://registry.npmjs.org/phonegap/-/phonegap-6.0.0.tgz
55 http 200 https://registry.npmjs.org/phonegap/-/phonegap-6.0.0.tgz
56 silly lockFile 85844c17--org-phonegap-phonegap-6-0-0-tgz https://registry.npmjs.org/phonegap/-/phonegap-6.0.0.tgz
57 silly lockFile 85844c17--org-phonegap-phonegap-6-0-0-tgz https://registry.npmjs.org/phonegap/-/phonegap-6.0.0.tgz
58 silly lockFile b93d7cb4-phonegap-6-0-0 phonegap@6.0.0
59 silly lockFile b93d7cb4-phonegap-6-0-0 phonegap@6.0.0
60 silly lockFile 3a6257f3-phonegap phonegap@
61 silly lockFile 3a6257f3-phonegap phonegap@
62 silly resolved [ { name: 'phonegap',
62 silly resolved     description: 'PhoneGap command-line interface and node.js library.',
62 silly resolved     version: '6.0.0',
62 silly resolved     homepage: 'http://github.com/phonegap/phonegap-cli',
62 silly resolved     repository:
62 silly resolved      { type: 'git',
62 silly resolved        url: 'git://github.com/phonegap/phonegap-cli.git' },
62 silly resolved     keywords:
62 silly resolved      [ 'cli',
62 silly resolved        'cordova',
62 silly resolved        'phonegap',
62 silly resolved        'phonegap build',
62 silly resolved        'phonegap/build' ],
62 silly resolved     preferGlobal: 'true',
62 silly resolved     main: './lib/main.js',
62 silly resolved     bin: { phonegap: './bin/phonegap.js' },
62 silly resolved     scripts: { test: 'node node_modules/jasmine-node/bin/jasmine-node --color spec' },
62 silly resolved     engineStrict: 'true',
62 silly resolved     engines: { node: '>=0.10.0' },
62 silly resolved     dependencies:
62 silly resolved      { colors: '0.6.0-1',
62 silly resolved        'connect-phonegap': '0.20.2',
62 silly resolved        cordova: '6.0.0',
62 silly resolved        minimist: '0.1.0',
62 silly resolved        opener: '1.4.1',
62 silly resolved        'phonegap-build': '0.10.0',
62 silly resolved        pluralize: '0.0.4',
62 silly resolved        prompt: '0.2.11',
62 silly resolved        'qrcode-terminal': '0.9.4',
62 silly resolved        semver: '1.1.0',
62 silly resolved        shelljs: '0.1.4' },
62 silly resolved     devDependencies: { 'jasmine-node': '1.14.5', chdir: '0.0.x' },
62 silly resolved     optionalDependencies: {},
62 silly resolved     contributors: [ [Object], [Object], [Object], [Object], [Object], [Object] ],
62 silly resolved     templates:
62 silly resolved      { blank: [Object],
62 silly resolved        'hello-world': [Object],
62 silly resolved        framework7: [Object],
62 silly resolved        'react-hot-loader': [Object] },
62 silly resolved     gitHead: 'e9893167d653f9012b5f8461f42f7cc5b210a16b',
62 silly resolved     bugs: { url: 'https://github.com/phonegap/phonegap-cli/issues' },
62 silly resolved     _id: 'phonegap@6.0.0',
62 silly resolved     _shasum: '21d2a2d9ddf3a9eb01acd8d97e80ae70ba20fef4',
62 silly resolved     _from: 'phonegap@',
62 silly resolved     _npmVersion: '3.3.12',
62 silly resolved     _nodeVersion: '5.5.0',
62 silly resolved     _npmUser: { name: 'mwbrooks', email: 'michael@michaelbrooks.ca' },
62 silly resolved     dist:
62 silly resolved      { shasum: '21d2a2d9ddf3a9eb01acd8d97e80ae70ba20fef4',
62 silly resolved        tarball: 'http://registry.npmjs.org/phonegap/-/phonegap-6.0.0.tgz' },
62 silly resolved     maintainers: [ [Object], [Object], [Object], [Object], [Object] ],
62 silly resolved     _npmOperationalInternal:
62 silly resolved      { host: 'packages-5-east.internal.npmjs.com',
62 silly resolved        tmp: 'tmp/phonegap-6.0.0.tgz_1455910776439_0.04820876196026802' },
62 silly resolved     directories: {},
62 silly resolved     _resolved: 'https://registry.npmjs.org/phonegap/-/phonegap-6.0.0.tgz' } ]
63 info install phonegap@6.0.0 into /usr/lib
64 info installOne phonegap@6.0.0
65 verbose lib/node_modules/phonegap unbuild
66 verbose tar unpack /home/jozharanda/.npm/phonegap/6.0.0/package.tgz
67 silly lockFile 3e0e5a58-ar-usr-lib-node-modules-phonegap tar:///usr/lib/node_modules/phonegap
68 verbose lock tar:///usr/lib/node_modules/phonegap /home/jozharanda/.npm/3e0e5a58-ar-usr-lib-node-modules-phonegap.lock
69 silly lockFile b9a6c619-a-npm-phonegap-6-0-0-package-tgz tar:///home/jozharanda/.npm/phonegap/6.0.0/package.tgz
70 verbose lock tar:///home/jozharanda/.npm/phonegap/6.0.0/package.tgz /home/jozharanda/.npm/b9a6c619-a-npm-phonegap-6-0-0-package-tgz.lock
71 silly gunzTarPerm modes [ '775', '664' ]
72 error Error: EACCES, mkdir '/usr/lib/node_modules/phonegap'
72 error  { [Error: EACCES, mkdir '/usr/lib/node_modules/phonegap']
72 error   errno: 3,
72 error   code: 'EACCES',
72 error   path: '/usr/lib/node_modules/phonegap',
72 error   fstream_type: 'Directory',
72 error   fstream_path: '/usr/lib/node_modules/phonegap',
72 error   fstream_class: 'DirWriter',
72 error   fstream_stack:
72 error    [ '/usr/lib/node_modules/npm/node_modules/fstream/lib/dir-writer.js:36:23',
72 error      '/usr/lib/node_modules/npm/node_modules/mkdirp/index.js:46:53',
72 error      'Object.oncomplete (fs.js:108:15)' ] }
73 error Please try running this command again as root/Administrator.
74 error System Linux 3.13.0-71-generic
75 error command "/usr/bin/node" "/usr/bin/npm" "install" "phonegap" "-g"
76 error cwd /home/jozharanda/Documents/INFORMATIVOPARTE
77 error node -v v0.10.41
78 error npm -v 1.4.29
79 error path /usr/lib/node_modules/phonegap
80 error fstream_path /usr/lib/node_modules/phonegap
81 error fstream_type Directory
82 error fstream_class DirWriter
83 error code EACCES
84 error errno 3
85 error stack Error: EACCES, mkdir '/usr/lib/node_modules/phonegap'
86 error fstream_stack /usr/lib/node_modules/npm/node_modules/fstream/lib/dir-writer.js:36:23
86 error fstream_stack /usr/lib/node_modules/npm/node_modules/mkdirp/index.js:46:53
86 error fstream_stack Object.oncomplete (fs.js:108:15)
87 verbose exit [ 3, true ]
